<?xml version="1.0" encoding="UTF-8"?>
<testng-results ignored="0" total="1" passed="1" failed="0" skipped="0">
  <reporter-output>
  </reporter-output>
  <suite started-at="2023-01-31T15:25:57 EST" name="Default suite" finished-at="2023-01-31T15:25:58 EST" duration-ms="436">
    <groups>
    </groups>
    <test started-at="2023-01-31T15:25:57 EST" name="Default test" finished-at="2023-01-31T15:25:58 EST" duration-ms="436">
      <class name="Files.DataReader">
        <test-method signature="getJsonDataToMap()[pri:0, instance:Files.DataReader@346d61be]" started-at="2023-01-31T15:25:57 EST" name="getJsonDataToMap" finished-at="2023-01-31T15:25:58 EST" duration-ms="370" status="PASS">
          <reporter-output>
          </reporter-output>
        </test-method> <!-- getJsonDataToMap -->
      </class> <!-- Files.DataReader -->
    </test> <!-- Default test -->
  </suite> <!-- Default suite -->
</testng-results>
